[debug] [2024-02-26T01:54:22.529Z] ----------------------------------------------------------------------
[debug] [2024-02-26T01:54:22.531Z] Command:       C:\Program Files\nodejs\node.exe C:\Users\GreenArt\AppData\Roaming\npm\node_modules\firebase-tools\lib\bin\firebase.js init
[debug] [2024-02-26T01:54:22.532Z] CLI Version:   13.3.1
[debug] [2024-02-26T01:54:22.532Z] Platform:      win32
[debug] [2024-02-26T01:54:22.532Z] Node Version:  v20.10.0
[debug] [2024-02-26T01:54:22.532Z] Time:          Mon Feb 26 2024 10:54:22 GMT+0900 (대한민국 표준시)
[debug] [2024-02-26T01:54:22.532Z] ----------------------------------------------------------------------
[debug] 
[debug] [2024-02-26T01:54:22.537Z] > command requires scopes: ["email","openid","https://www.googleapis.com/auth/cloudplatformprojects.readonly","https://www.googleapis.com/auth/firebase","https://www.googleapis.com/auth/cloud-platform"]
[debug] [2024-02-26T01:54:22.537Z] > authorizing via signed-in user (leesngyl1007@gmail.com)
[info] 
     ######## #### ########  ######## ########     ###     ######  ########
     ##        ##  ##     ## ##       ##     ##  ##   ##  ##       ##
     ######    ##  ########  ######   ########  #########  ######  ######
     ##        ##  ##    ##  ##       ##     ## ##     ##       ## ##
     ##       #### ##     ## ######## ########  ##     ##  ######  ########

You're about to initialize a Firebase project in this directory:

  D:\01-STUDY\LSY\portfolio\portfolio-app

[info] 
=== Project Setup
[info] 
[info] First, let's associate this project directory with a Firebase project.
[info] You can create multiple project aliases by running firebase use --add, 
[info] but for now we'll just set up a default project.
[info] 
[info] i  If you want to create a project in a Google Cloud organization or folder, please use "firebase projects:create" instead, and return to this command when you've created the project. 
[debug] [2024-02-26T01:54:36.399Z] >>> [apiv2][query] POST https://cloudresourcemanager.googleapis.com/v1/projects [none]
[debug] [2024-02-26T01:54:36.400Z] >>> [apiv2][body] POST https://cloudresourcemanager.googleapis.com/v1/projects {"projectId":"portfolio","name":"portfolio"}
[debug] [2024-02-26T01:54:37.476Z] <<< [apiv2][status] POST https://cloudresourcemanager.googleapis.com/v1/projects 409
[debug] [2024-02-26T01:54:37.476Z] <<< [apiv2][body] POST https://cloudresourcemanager.googleapis.com/v1/projects {"error":{"code":409,"message":"Requested entity already exists","status":"ALREADY_EXISTS"}}
[debug] [2024-02-26T01:54:37.641Z] FirebaseError: HTTP Error: 409, Requested entity already exists
    at responseToError (C:\Users\GreenArt\AppData\Roaming\npm\node_modules\firebase-tools\lib\responseToError.js:49:12)
    at RetryOperation._fn (C:\Users\GreenArt\AppData\Roaming\npm\node_modules\firebase-tools\lib\apiv2.js:292:77)
    at process.processTicksAndRejections (node:internal/process/task_queues:95:5)
[error] 
[error] Error: Failed to create project because there is already a project with ID portfolio. Please try again with a unique project ID.
[debug] [2024-02-26T01:56:13.398Z] ----------------------------------------------------------------------
[debug] [2024-02-26T01:56:13.401Z] Command:       C:\Program Files\nodejs\node.exe C:\Users\GreenArt\AppData\Roaming\npm\node_modules\firebase-tools\lib\bin\firebase.js init
[debug] [2024-02-26T01:56:13.401Z] CLI Version:   13.3.1
[debug] [2024-02-26T01:56:13.401Z] Platform:      win32
[debug] [2024-02-26T01:56:13.401Z] Node Version:  v20.10.0
[debug] [2024-02-26T01:56:13.401Z] Time:          Mon Feb 26 2024 10:56:13 GMT+0900 (대한민국 표준시)
[debug] [2024-02-26T01:56:13.402Z] ----------------------------------------------------------------------
[debug] 
[debug] [2024-02-26T01:56:13.406Z] > command requires scopes: ["email","openid","https://www.googleapis.com/auth/cloudplatformprojects.readonly","https://www.googleapis.com/auth/firebase","https://www.googleapis.com/auth/cloud-platform"]
[debug] [2024-02-26T01:56:13.406Z] > authorizing via signed-in user (leesngyl1007@gmail.com)
[info] 
     ######## #### ########  ######## ########     ###     ######  ########
     ##        ##  ##     ## ##       ##     ##  ##   ##  ##       ##
     ######    ##  ########  ######   ########  #########  ######  ######
     ##        ##  ##    ##  ##       ##     ## ##     ##       ## ##
     ##       #### ##     ## ######## ########  ##     ##  ######  ########

You're about to initialize a Firebase project in this directory:

  D:\01-STUDY\LSY\portfolio\portfolio-app

[info] 
=== Project Setup
[info] 
[info] First, let's associate this project directory with a Firebase project.
[info] You can create multiple project aliases by running firebase use --add, 
[info] but for now we'll just set up a default project.
[info] 
[info] i  If you want to create a project in a Google Cloud organization or folder, please use "firebase projects:create" instead, and return to this command when you've created the project. 
[debug] [2024-02-26T01:56:38.491Z] ----------------------------------------------------------------------
[debug] [2024-02-26T01:56:38.494Z] Command:       C:\Program Files\nodejs\node.exe C:\Users\GreenArt\AppData\Roaming\npm\node_modules\firebase-tools\lib\bin\firebase.js init
[debug] [2024-02-26T01:56:38.494Z] CLI Version:   13.3.1
[debug] [2024-02-26T01:56:38.494Z] Platform:      win32
[debug] [2024-02-26T01:56:38.494Z] Node Version:  v20.10.0
[debug] [2024-02-26T01:56:38.494Z] Time:          Mon Feb 26 2024 10:56:38 GMT+0900 (대한민국 표준시)
[debug] [2024-02-26T01:56:38.495Z] ----------------------------------------------------------------------
[debug] 
[debug] [2024-02-26T01:56:38.499Z] > command requires scopes: ["email","openid","https://www.googleapis.com/auth/cloudplatformprojects.readonly","https://www.googleapis.com/auth/firebase","https://www.googleapis.com/auth/cloud-platform"]
[debug] [2024-02-26T01:56:38.499Z] > authorizing via signed-in user (leesngyl1007@gmail.com)
[info] 
     ######## #### ########  ######## ########     ###     ######  ########
     ##        ##  ##     ## ##       ##     ##  ##   ##  ##       ##
     ######    ##  ########  ######   ########  #########  ######  ######
     ##        ##  ##    ##  ##       ##     ## ##     ##       ## ##
     ##       #### ##     ## ######## ########  ##     ##  ######  ########

You're about to initialize a Firebase project in this directory:

  D:\01-STUDY\LSY\portfolio\portfolio-app

[info] 
=== Project Setup
[info] 
[info] First, let's associate this project directory with a Firebase project.
[info] You can create multiple project aliases by running firebase use --add, 
[info] but for now we'll just set up a default project.
[info] 
[info] i  If you want to create a project in a Google Cloud organization or folder, please use "firebase projects:create" instead, and return to this command when you've created the project. 
[debug] [2024-02-26T01:56:56.241Z] >>> [apiv2][query] POST https://cloudresourcemanager.googleapis.com/v1/projects [none]
[debug] [2024-02-26T01:56:56.242Z] >>> [apiv2][body] POST https://cloudresourcemanager.googleapis.com/v1/projects {"projectId":"portfolio-app","name":"portfolio-app"}
[debug] [2024-02-26T01:56:57.390Z] <<< [apiv2][status] POST https://cloudresourcemanager.googleapis.com/v1/projects 409
[debug] [2024-02-26T01:56:57.391Z] <<< [apiv2][body] POST https://cloudresourcemanager.googleapis.com/v1/projects {"error":{"code":409,"message":"Requested entity already exists","status":"ALREADY_EXISTS"}}
[debug] [2024-02-26T01:56:57.565Z] FirebaseError: HTTP Error: 409, Requested entity already exists
    at responseToError (C:\Users\GreenArt\AppData\Roaming\npm\node_modules\firebase-tools\lib\responseToError.js:49:12)
    at RetryOperation._fn (C:\Users\GreenArt\AppData\Roaming\npm\node_modules\firebase-tools\lib\apiv2.js:292:77)
    at process.processTicksAndRejections (node:internal/process/task_queues:95:5)
[error] 
[error] Error: Failed to create project because there is already a project with ID portfolio-app. Please try again with a unique project ID.
[debug] [2024-02-26T01:57:47.685Z] ----------------------------------------------------------------------
[debug] [2024-02-26T01:57:47.688Z] Command:       C:\Program Files\nodejs\node.exe C:\Users\GreenArt\AppData\Roaming\npm\node_modules\firebase-tools\lib\bin\firebase.js init
[debug] [2024-02-26T01:57:47.688Z] CLI Version:   13.3.1
[debug] [2024-02-26T01:57:47.688Z] Platform:      win32
[debug] [2024-02-26T01:57:47.688Z] Node Version:  v20.10.0
[debug] [2024-02-26T01:57:47.688Z] Time:          Mon Feb 26 2024 10:57:47 GMT+0900 (대한민국 표준시)
[debug] [2024-02-26T01:57:47.689Z] ----------------------------------------------------------------------
[debug] 
[debug] [2024-02-26T01:57:47.693Z] > command requires scopes: ["email","openid","https://www.googleapis.com/auth/cloudplatformprojects.readonly","https://www.googleapis.com/auth/firebase","https://www.googleapis.com/auth/cloud-platform"]
[debug] [2024-02-26T01:57:47.693Z] > authorizing via signed-in user (leesngyl1007@gmail.com)
[info] 
     ######## #### ########  ######## ########     ###     ######  ########
     ##        ##  ##     ## ##       ##     ##  ##   ##  ##       ##
     ######    ##  ########  ######   ########  #########  ######  ######
     ##        ##  ##    ##  ##       ##     ## ##     ##       ## ##
     ##       #### ##     ## ######## ########  ##     ##  ######  ########

You're about to initialize a Firebase project in this directory:

  D:\01-STUDY\LSY\portfolio\portfolio-app

[info] 
=== Project Setup
[info] 
[info] First, let's associate this project directory with a Firebase project.
[info] You can create multiple project aliases by running firebase use --add, 
[info] but for now we'll just set up a default project.
[info] 
[info] i  If you want to create a project in a Google Cloud organization or folder, please use "firebase projects:create" instead, and return to this command when you've created the project. 
[debug] [2024-02-26T01:58:10.361Z] >>> [apiv2][query] POST https://cloudresourcemanager.googleapis.com/v1/projects [none]
[debug] [2024-02-26T01:58:10.362Z] >>> [apiv2][body] POST https://cloudresourcemanager.googleapis.com/v1/projects {"projectId":"portfolioapp","name":"portfolioapp"}
[debug] [2024-02-26T01:58:11.445Z] <<< [apiv2][status] POST https://cloudresourcemanager.googleapis.com/v1/projects 409
[debug] [2024-02-26T01:58:11.446Z] <<< [apiv2][body] POST https://cloudresourcemanager.googleapis.com/v1/projects {"error":{"code":409,"message":"Requested entity already exists","status":"ALREADY_EXISTS"}}
[debug] [2024-02-26T01:58:11.611Z] FirebaseError: HTTP Error: 409, Requested entity already exists
    at responseToError (C:\Users\GreenArt\AppData\Roaming\npm\node_modules\firebase-tools\lib\responseToError.js:49:12)
    at RetryOperation._fn (C:\Users\GreenArt\AppData\Roaming\npm\node_modules\firebase-tools\lib\apiv2.js:292:77)
    at process.processTicksAndRejections (node:internal/process/task_queues:95:5)
[error] 
[error] Error: Failed to create project because there is already a project with ID portfolioapp. Please try again with a unique project ID.
